<?xml version="1.0" encoding="UTF-8"?>
<!-- Generated by org.testng.reporters.JUnitReportReporter -->
<testsuite hostname="DESKTOP-O9TMP82" failures="0" tests="1" name="TestRunner.CucumberTestRunner" time="17.009" errors="0" timestamp="2024-10-03T19:05:03 IST" skipped="0">
  <testcase classname="TestRunner.CucumberTestRunner" name="runScenario" time="17.009"/>
</testsuite> <!-- TestRunner.CucumberTestRunner -->
